$MeshFormat
2.2 0 8
$EndMeshFormat
$Nodes
12
0 0.0000000000E+00 0.0000000000E+00 0.0
1 0.0000000000E+00 1.0000000000E+00 0.0
2 3.0000000000E-01 2.0000000000E-01 0.0
3 6.0000000000E-01 4.0000000000E-01 0.0
4 7.0000000000E-01 8.0000000000E-01 0.0
5 1.0000000000E+00 1.0000000000E+00 0.0
6 9.0000000000E-01 1.0000000000E-01 0.0
7 1.0000000000E+00 0.0000000000E+00 0.0
9 -5.0000000000E-01 -5.0000000000E-01 0.0
10 -5.0000000000E-01 1.5000000000E+00 0.0
11 1.5000000000E+00 1.5000000000E+00 0.0
12 1.5000000000E+00 -5.0000000000E-01 0.0
$EndNodes
$Elements
8
1 2 0 9 10 2
2 2 0 0 10 1
3 2 0 11 12 1
4 2 0 0 12 1
5 2 0 11 0 1
6 2 0 9 0 1
7 2 0 10 1 2
8 2 0 9 1 2
$EndElements
$NodeData
1
"Delaunay_triangulation"
1
0.0
3
0
1
12
1 0.0000000000E+00
2 5.0000000000E-01
3 4.0000000000E-01
4 5.0000000000E-01
5 1.0000000000E-01
6 1.0000000000E+00
7 4.0000000000E-01
8 5.0000000000E-01
9 6.0000000000E-01
10 6.0000000000E-01
11 6.0000000000E-01
12 6.0000000000E-01
$EndNodeData